Starting Ghost Host Project at Thu 29 May 17:44:54 EDT 2025
Virtual environment activated.
All Ghost Host processes started at Thu 29 May 17:44:54 EDT 2025
Starting Ghost Host Project at Thu 29 May 17:58:41 EDT 2025
Virtual environment activated.
All Ghost Host processes started at Thu 29 May 17:58:41 EDT 2025
Starting Ghost Host Project at Thu 29 May 18:02:30 EDT 2025
Virtual environment activated.
All Ghost Host processes started at Thu 29 May 18:02:30 EDT 2025
Starting Ghost Host Project at Thu 29 May 18:07:15 EDT 2025
Virtual environment activated.
All Ghost Host processes started at Thu 29 May 18:07:15 EDT 2025
Starting Ghost Host Project at Thu 29 May 20:21:57 EDT 2025
Virtual environment activated.
All Ghost Host processes started at Thu 29 May 20:21:57 EDT 2025
Starting Ghost Host Project at Fri 30 May 12:30:47 EDT 2025
Virtual environment activated.
All Ghost Host processes started at Fri 30 May 12:30:47 EDT 2025
Starting Ghost Host Project at Fri 30 May 12:43:47 EDT 2025
Virtual environment activated.
All Ghost Host processes started at Fri 30 May 12:43:47 EDT 2025
